[14:56:47] [ServerMain/INFO]: Environment: authHost='https://authserver.mojang.com', accountsHost='https://api.mojang.com', sessionHost='https://sessionserver.mojang.com', servicesHost='https://api.minecraftservices.com', name='PROD'
[14:56:48] [ServerMain/INFO]: Loaded 7 recipes
[14:56:48] [ServerMain/INFO]: Loaded 1271 advancements
[14:56:48] [Server thread/INFO]: Starting minecraft server version 1.20.1
[14:56:48] [Server thread/INFO]: Loading properties
[14:56:48] [Server thread/INFO]: Default game type: SURVIVAL
[14:56:48] [Server thread/INFO]: Generating keypair
[14:56:49] [Server thread/INFO]: Starting Minecraft server on *:25565
[14:56:49] [Server thread/INFO]: Using epoll channel type
[14:56:49] [Server thread/WARN]: **** SERVER IS RUNNING IN OFFLINE/INSECURE MODE!
[14:56:49] [Server thread/WARN]: The server will make no attempt to authenticate usernames. Beware.
[14:56:49] [Server thread/WARN]: While this makes the game possible to play without internet access, it also opens up the ability for hackers to connect with any username they choose.
[14:56:49] [Server thread/WARN]: To change this, set "online-mode" to "true" in the server.properties file.
[14:56:49] [Server thread/INFO]: Preparing level "world"
[14:56:54] [Server thread/INFO]: Preparing start region for dimension minecraft:overworld
[14:56:55] [Worker-Main-2/INFO]: Preparing spawn area: 0%
[14:56:55] [Worker-Main-3/INFO]: Preparing spawn area: 0%
[14:56:55] [Worker-Main-3/INFO]: Preparing spawn area: 0%
[14:56:56] [Worker-Main-2/INFO]: Preparing spawn area: 0%
[14:56:56] [Worker-Main-1/INFO]: Preparing spawn area: 0%
[14:56:57] [Worker-Main-2/INFO]: Preparing spawn area: 0%
[14:56:57] [Worker-Main-3/INFO]: Preparing spawn area: 1%
[14:56:58] [Worker-Main-1/INFO]: Preparing spawn area: 2%
[14:56:58] [Worker-Main-1/INFO]: Preparing spawn area: 3%
[14:56:59] [Worker-Main-1/INFO]: Preparing spawn area: 4%
[14:56:59] [Worker-Main-1/INFO]: Preparing spawn area: 5%
[14:57:00] [Worker-Main-3/INFO]: Preparing spawn area: 6%
[14:57:00] [Worker-Main-3/INFO]: Preparing spawn area: 9%
[14:57:01] [Worker-Main-1/INFO]: Preparing spawn area: 10%
[14:57:01] [Worker-Main-1/INFO]: Preparing spawn area: 11%
[14:57:02] [Worker-Main-1/INFO]: Preparing spawn area: 14%
[14:57:02] [Worker-Main-2/INFO]: Preparing spawn area: 16%
[14:57:03] [Worker-Main-3/INFO]: Preparing spawn area: 18%
[14:57:03] [Worker-Main-3/INFO]: Preparing spawn area: 20%
[14:57:04] [Worker-Main-1/INFO]: Preparing spawn area: 22%
[14:57:04] [Worker-Main-2/INFO]: Preparing spawn area: 23%
[14:57:05] [Worker-Main-2/INFO]: Preparing spawn area: 24%
[14:57:05] [Worker-Main-2/INFO]: Preparing spawn area: 26%
[14:57:06] [Worker-Main-3/INFO]: Preparing spawn area: 30%
[14:57:06] [Worker-Main-2/INFO]: Preparing spawn area: 31%
[14:57:07] [Worker-Main-1/INFO]: Preparing spawn area: 34%
[14:57:07] [Worker-Main-2/INFO]: Preparing spawn area: 37%
[14:57:08] [Worker-Main-2/INFO]: Preparing spawn area: 40%
[14:57:08] [Worker-Main-3/INFO]: Preparing spawn area: 42%
[14:57:09] [Worker-Main-1/INFO]: Preparing spawn area: 44%
[14:57:09] [Worker-Main-1/INFO]: Preparing spawn area: 47%
[14:57:10] [Worker-Main-2/INFO]: Preparing spawn area: 49%
[14:57:10] [Worker-Main-2/INFO]: Preparing spawn area: 52%
[14:57:11] [Worker-Main-1/INFO]: Preparing spawn area: 55%
[14:57:11] [Worker-Main-1/INFO]: Preparing spawn area: 57%
[14:57:12] [Worker-Main-3/INFO]: Preparing spawn area: 60%
[14:57:12] [Worker-Main-1/INFO]: Preparing spawn area: 64%
[14:57:13] [Worker-Main-2/INFO]: Preparing spawn area: 68%
[14:57:13] [Worker-Main-3/INFO]: Preparing spawn area: 70%
[14:57:14] [Worker-Main-3/INFO]: Preparing spawn area: 73%
[14:57:14] [Worker-Main-2/INFO]: Preparing spawn area: 76%
[14:57:15] [Worker-Main-2/INFO]: Preparing spawn area: 81%
[14:57:15] [Worker-Main-1/INFO]: Preparing spawn area: 83%
[14:57:16] [Worker-Main-2/INFO]: Preparing spawn area: 86%
[14:57:16] [Worker-Main-2/INFO]: Preparing spawn area: 89%
[14:57:17] [Worker-Main-2/INFO]: Preparing spawn area: 93%
[14:57:17] [Worker-Main-1/INFO]: Preparing spawn area: 97%
[14:57:17] [Server thread/INFO]: Time elapsed: 23319 ms
[14:57:17] [Server thread/INFO]: Done (28.787s)! For help, type "help"
[14:58:45] [Server thread/INFO]: Alee__[/127.47.7.198:47849] logged in with entity id 82 at (49.5, 74.0, 21.5)
[14:58:45] [Server thread/INFO]: Alee__ joined the game
[15:05:06] [Server thread/INFO]: Alee__ lost connection: Disconnected
[15:05:06] [Server thread/INFO]: Alee__ left the game
